#
# A fatal error has been detected by the Java Runtime Environment:
#
#  Internal Error (constantPoolOop.cpp:90), pid=41896, tid=31772
#  guarantee(error != (symbolOop)NULL) failed: tag mismatch with resolution error table
#
# JRE version: 6.0_45-b06
# Java VM: Java HotSpot(TM) 64-Bit Server VM (20.45-b01 mixed mode windows-amd64 compressed oops)
# If you would like to submit a bug report, please visit:
#   http://java.sun.com/webapps/bugreport/crash.jsp
#

---------------  T H R E A D  ---------------

Current thread (0x0000000007c4e000):  JavaThread "nodeUpdateTimer" [_thread_in_vm, id=31772, stack(0x00000000107c0000,0x00000000108c0000)]

Stack: [0x00000000107c0000,0x00000000108c0000]
[error occurred during error reporting (printing stack bounds), id 0xc0000005]

Java frames: (J=compiled Java code, j=interpreted, Vv=VM code)
j  nu.xom.Builder.findParser(Z)Lorg/xml/sax/XMLReader;+0
j  nu.xom.Builder.<init>(Z)V+2
j  nu.xom.Builder.<init>()V+2
j  com.ifeng.ipserver.server.handler.plugin.live.CrossDomainPlugin.setLoadFile(Ljava/lang/String;)V+4
v  ~StubRoutines::call_stub
j  sun.reflect.NativeMethodAccessorImpl.invoke0(Ljava/lang/reflect/Method;Ljava/lang/Object;[Ljava/lang/Object;)Ljava/lang/Object;+0
j  sun.reflect.NativeMethodAccessorImpl.invoke(Ljava/lang/Object;[Ljava/lang/Object;)Ljava/lang/Object;+87
J  sun.reflect.DelegatingMethodAccessorImpl.invoke(Ljava/lang/Object;[Ljava/lang/Object;)Ljava/lang/Object;
j  java.lang.reflect.Method.invoke(Ljava/lang/Object;[Ljava/lang/Object;)Ljava/lang/Object;+161
j  org.apache.commons.beanutils.PropertyUtilsBean.invokeMethod(Ljava/lang/reflect/Method;Ljava/lang/Object;[Ljava/lang/Object;)Ljava/lang/Object;+17
j  org.apache.commons.beanutils.PropertyUtilsBean.setSimpleProperty(Ljava/lang/Object;Ljava/lang/String;Ljava/lang/Object;)V+532
j  org.apache.commons.beanutils.PropertyUtils.setSimpleProperty(Ljava/lang/Object;Ljava/lang/String;Ljava/lang/Object;)V+6
j  com.ifeng.common.misc.BeanTools.setSimpleProperty(Ljava/lang/Object;Ljava/lang/String;Ljava/lang/Object;)V+40
j  com.ifeng.common.misc.BeanTools.setProperty(Ljava/lang/Object;Ljava/lang/String;Ljava/lang/Object;ZLcom/ifeng/common/misc/BeanTools$PropertyInterceptor;)V+35
j  com.ifeng.common.misc.BeanTools.setProperty(Ljava/lang/Object;Ljava/lang/String;Ljava/lang/Object;)V+5
j  com.ifeng.common.conf.ConfigRoot.handleSetProperty(Lorg/w3c/dom/Element;Ljava/lang/Object;)V+73
j  com.ifeng.common.conf.ConfigRoot.setObjectProperties(Lorg/w3c/dom/Element;Ljava/lang/Object;)V+50
j  com.ifeng.common.conf.ConfigRoot.configValueObject(Ljava/lang/Object;Ljava/lang/Object;Lorg/w3c/dom/Element;)Ljava/lang/Object;+58
j  com.ifeng.common.conf.ConfigRoot.createValueObject(Ljava/lang/Object;Lorg/w3c/dom/Element;Ljava/lang/Class;)Ljava/lang/Object;+14
j  com.ifeng.common.conf.ConfigRoot.createChildObject(Ljava/lang/Object;Lorg/w3c/dom/Element;Ljava/lang/String;ZLjava/lang/Class;)Ljava/lang/Object;+23
j  com.ifeng.common.conf.ConfigRoot.createChildObject(Ljava/lang/Object;Lorg/w3c/dom/Element;Ljava/lang/String;Z)Ljava/lang/Object;+7
j  com.ifeng.common.conf.MapConfig.doConfig(Ljava/util/Map;Lcom/ifeng/common/conf/ConfigRoot;Ljava/lang/Object;Lorg/w3c/dom/Element;)V+155
j  com.ifeng.common.conf.MapConfig.config(Lcom/ifeng/common/conf/ConfigRoot;Ljava/lang/Object;Lorg/w3c/dom/Element;)Ljava/lang/Object;+4
j  com.ifeng.common.conf.ConfigRoot.configValueObject(Ljava/lang/Object;Ljava/lang/Object;Lorg/w3c/dom/Element;)Ljava/lang/Object;+49
j  com.ifeng.common.conf.ConfigRoot.createValueObject(Ljava/lang/Object;Lorg/w3c/dom/Element;Ljava/lang/Class;)Ljava/lang/Object;+14
j  com.ifeng.common.conf.ConfigRoot.createChildObject(Ljava/lang/Object;Lorg/w3c/dom/Element;Ljava/lang/String;ZLjava/lang/Class;)Ljava/lang/Object;+23
j  com.ifeng.common.conf.ConfigRoot.createChildObject(Ljava/lang/Object;Lorg/w3c/dom/Element;Ljava/lang/String;)Ljava/lang/Object;+6
j  com.ifeng.common.plugin.core.abst.AbstMapSuite.config(Lcom/ifeng/common/conf/ConfigRoot;Ljava/lang/Object;Lorg/w3c/dom/Element;)Ljava/lang/Object;+6
j  com.ifeng.common.conf.ConfigRoot.configValueObject(Ljava/lang/Object;Ljava/lang/Object;Lorg/w3c/dom/Element;)Ljava/lang/Object;+49
j  com.ifeng.common.conf.ConfigRoot.createValueObject(Ljava/lang/Object;Lorg/w3c/dom/Element;Ljava/lang/Class;)Ljava/lang/Object;+14
j  com.ifeng.common.conf.ConfigRoot.handleSetProperty(Lorg/w3c/dom/Element;Ljava/lang/Object;)V+64
j  com.ifeng.common.conf.ConfigRoot.setObjectProperties(Lorg/w3c/dom/Element;Ljava/lang/Object;)V+50
j  com.ifeng.common.conf.ConfigRoot.configValueObject(Ljava/lang/Object;Ljava/lang/Object;Lorg/w3c/dom/Element;)Ljava/lang/Object;+58
j  com.ifeng.common.conf.MapConfig.doConfig(Ljava/util/Map;Lcom/ifeng/common/conf/ConfigRoot;Ljava/lang/Object;Lorg/w3c/dom/Element;)V+210
j  com.ifeng.common.conf.MapConfig.config(Lcom/ifeng/common/conf/ConfigRoot;Ljava/lang/Object;Lorg/w3c/dom/Element;)Ljava/lang/Object;+4
j  com.ifeng.common.conf.ConfigRoot.configValueObject(Ljava/lang/Object;Ljava/lang/Object;Lorg/w3c/dom/Element;)Ljava/lang/Object;+49
j  com.ifeng.common.conf.ConfigRoot.init(Ljava/net/URL;Ljava/lang/String;Ljava/util/Properties;)V+157
j  com.ifeng.common.conf.ConfigRoot.init(Ljava/lang/String;Ljava/lang/String;Ljava/util/Properties;)V+15
j  com.ifeng.common.conf.ConfigRoot.<init>(Ljava/lang/String;Ljava/util/Properties;)V+30
j  com.ifeng.ipserver.service.listener.plugin.MapUpdaterPlugin.execute(Ljava/lang/Object;)Ljava/lang/Object;+45
j  com.ifeng.ipserver.service.listener.FileUpdateListener.init(Z)V+74
j  com.ifeng.ipserver.service.listener.FileUpdateListener$UpdateTask.run()V+5
j  java.util.TimerThread.mainLoop()V+221
j  java.util.TimerThread.run()V+1
v  ~StubRoutines::call_stub

---------------  P R O C E S S  ---------------

Java Threads: ( => current thread )
  0x000000000f0ae800 JavaThread "updateBandwidthTimer" [_thread_blocked, id=13916, stack(0x00000000176a0000,0x00000000177a0000)]
  0x000000000f0ae000 JavaThread "updateRateTimer" [_thread_blocked, id=9872, stack(0x00000000175a0000,0x00000000176a0000)]
  0x000000000f0ad000 JavaThread "updateBandwidthTimer" [_thread_blocked, id=30732, stack(0x00000000174a0000,0x00000000175a0000)]
  0x000000000f0ac800 JavaThread "updateRateTimer" [_thread_blocked, id=23564, stack(0x00000000173a0000,0x00000000174a0000)]
  0x000000000f0ac000 JavaThread "updateBandwidthTimer" [_thread_blocked, id=39296, stack(0x00000000172a0000,0x00000000173a0000)]
  0x000000000f0ab000 JavaThread "updateRateTimer" [_thread_blocked, id=27428, stack(0x00000000171a0000,0x00000000172a0000)]
  0x000000000f0aa800 JavaThread "updateBandwidthTimer" [_thread_blocked, id=28512, stack(0x00000000170a0000,0x00000000171a0000)]
  0x000000000f0a9800 JavaThread "updateRateTimer" [_thread_blocked, id=33992, stack(0x0000000016fa0000,0x00000000170a0000)]
  0x000000000f0a9000 JavaThread "updateBandwidthTimer" [_thread_blocked, id=36576, stack(0x0000000016ea0000,0x0000000016fa0000)]
  0x000000000f0a8000 JavaThread "updateRateTimer" [_thread_blocked, id=27248, stack(0x0000000016da0000,0x0000000016ea0000)]
  0x000000000f0a7800 JavaThread "updateBandwidthTimer" [_thread_blocked, id=25692, stack(0x0000000016ca0000,0x0000000016da0000)]
  0x000000000f0a6800 JavaThread "updateRateTimer" [_thread_blocked, id=6788, stack(0x0000000016ba0000,0x0000000016ca0000)]
  0x000000000f0a6000 JavaThread "updateBandwidthTimer" [_thread_blocked, id=3512, stack(0x0000000016aa0000,0x0000000016ba0000)]
  0x000000000f416800 JavaThread "updateRateTimer" [_thread_blocked, id=40992, stack(0x00000000169a0000,0x0000000016aa0000)]
  0x000000000f415800 JavaThread "updateBandwidthTimer" [_thread_blocked, id=39820, stack(0x00000000168a0000,0x00000000169a0000)]
  0x000000000f415000 JavaThread "updateRateTimer" [_thread_blocked, id=31620, stack(0x00000000167a0000,0x00000000168a0000)]
  0x000000000f414800 JavaThread "updateBandwidthTimer" [_thread_blocked, id=16820, stack(0x00000000166a0000,0x00000000167a0000)]
  0x000000000f413800 JavaThread "updateRateTimer" [_thread_blocked, id=22100, stack(0x00000000165a0000,0x00000000166a0000)]
  0x000000000f413000 JavaThread "updateBandwidthTimer" [_thread_blocked, id=16076, stack(0x00000000164a0000,0x00000000165a0000)]
  0x000000000f412000 JavaThread "updateRateTimer" [_thread_blocked, id=34844, stack(0x00000000163a0000,0x00000000164a0000)]
  0x000000000f411800 JavaThread "updateBandwidthTimer" [_thread_blocked, id=6512, stack(0x00000000162a0000,0x00000000163a0000)]
  0x000000000f410800 JavaThread "updateRateTimer" [_thread_blocked, id=42552, stack(0x00000000161a0000,0x00000000162a0000)]
  0x000000000f410000 JavaThread "updateBandwidthTimer" [_thread_blocked, id=9312, stack(0x00000000160a0000,0x00000000161a0000)]
  0x000000000f40f000 JavaThread "updateRateTimer" [_thread_blocked, id=12100, stack(0x0000000015fa0000,0x00000000160a0000)]
  0x0000000007ea0000 JavaThread "updateBandwidthTimer" [_thread_blocked, id=38156, stack(0x0000000015ea0000,0x0000000015fa0000)]
  0x0000000007e9f000 JavaThread "updateRateTimer" [_thread_blocked, id=16636, stack(0x0000000015da0000,0x0000000015ea0000)]
  0x0000000007e9e800 JavaThread "updateBandwidthTimer" [_thread_blocked, id=10464, stack(0x0000000015ca0000,0x0000000015da0000)]
  0x0000000007e9d800 JavaThread "updateRateTimer" [_thread_blocked, id=35668, stack(0x0000000015ba0000,0x0000000015ca0000)]
  0x0000000007e9d000 JavaThread "updateBandwidthTimer" [_thread_blocked, id=34036, stack(0x0000000015aa0000,0x0000000015ba0000)]
  0x0000000007e9c000 JavaThread "updateRateTimer" [_thread_blocked, id=9860, stack(0x00000000159a0000,0x0000000015aa0000)]
  0x0000000007e9b800 JavaThread "bandwidthUpdate" [_thread_blocked, id=28440, stack(0x00000000158a0000,0x00000000159a0000)]
  0x0000000007e9a800 JavaThread "updateBandwidthTimer" [_thread_blocked, id=40296, stack(0x00000000157a0000,0x00000000158a0000)]
  0x0000000007e9a000 JavaThread "updateRateTimer" [_thread_blocked, id=19296, stack(0x00000000156a0000,0x00000000157a0000)]
  0x0000000007e99800 JavaThread "updateBandwidthTimer" [_thread_blocked, id=3936, stack(0x00000000155a0000,0x00000000156a0000)]
  0x0000000007e98800 JavaThread "updateRateTimer" [_thread_blocked, id=34604, stack(0x00000000154a0000,0x00000000155a0000)]
  0x00000000085f4000 JavaThread "updateBandwidthTimer" [_thread_blocked, id=18456, stack(0x00000000153a0000,0x00000000154a0000)]
  0x00000000085f3000 JavaThread "updateRateTimer" [_thread_blocked, id=20788, stack(0x00000000152a0000,0x00000000153a0000)]
  0x00000000085f2800 JavaThread "updateBandwidthTimer" [_thread_blocked, id=26148, stack(0x00000000151a0000,0x00000000152a0000)]
  0x00000000085f2000 JavaThread "updateRateTimer" [_thread_blocked, id=40068, stack(0x00000000150a0000,0x00000000151a0000)]
  0x00000000085f1000 JavaThread "updateBandwidthTimer" [_thread_blocked, id=23308, stack(0x0000000014fa0000,0x00000000150a0000)]
  0x00000000085f0800 JavaThread "updateRateTimer" [_thread_blocked, id=21136, stack(0x0000000014ea0000,0x0000000014fa0000)]
  0x00000000085ef800 JavaThread "updateBandwidthTimer" [_thread_blocked, id=42988, stack(0x0000000014da0000,0x0000000014ea0000)]
  0x00000000085ef000 JavaThread "updateRateTimer" [_thread_blocked, id=26668, stack(0x0000000014ca0000,0x0000000014da0000)]
  0x00000000085ee000 JavaThread "updateBandwidthTimer" [_thread_blocked, id=34176, stack(0x0000000014ba0000,0x0000000014ca0000)]
  0x00000000085ed800 JavaThread "updateRateTimer" [_thread_blocked, id=20812, stack(0x0000000014aa0000,0x0000000014ba0000)]
  0x00000000085ec800 JavaThread "updateBandwidthTimer" [_thread_blocked, id=32656, stack(0x00000000149a0000,0x0000000014aa0000)]
  0x0000000007d00000 JavaThread "updateRateTimer" [_thread_blocked, id=32232, stack(0x00000000148a0000,0x00000000149a0000)]
  0x0000000007cff000 JavaThread "updateBandwidthTimer" [_thread_blocked, id=20648, stack(0x00000000147a0000,0x00000000148a0000)]
  0x0000000007cfe800 JavaThread "updateRateTimer" [_thread_blocked, id=30332, stack(0x00000000146a0000,0x00000000147a0000)]
  0x0000000007cfe000 JavaThread "updateBandwidthTimer" [_thread_blocked, id=39176, stack(0x00000000145a0000,0x00000000146a0000)]
  0x0000000007cfd000 JavaThread "updateRateTimer" [_thread_blocked, id=33908, stack(0x00000000144a0000,0x00000000145a0000)]
  0x0000000007cfc800 JavaThread "updateBandwidthTimer" [_thread_blocked, id=25608, stack(0x00000000143a0000,0x00000000144a0000)]
  0x0000000007cfb800 JavaThread "updateRateTimer" [_thread_blocked, id=18108, stack(0x00000000142a0000,0x00000000143a0000)]
  0x0000000007cfb000 JavaThread "updateBandwidthTimer" [_thread_blocked, id=21112, stack(0x00000000141a0000,0x00000000142a0000)]
  0x0000000007cfa000 JavaThread "updateRateTimer" [_thread_blocked, id=33068, stack(0x00000000140a0000,0x00000000141a0000)]
  0x0000000007cf9800 JavaThread "updateBandwidthTimer" [_thread_blocked, id=15120, stack(0x0000000013fa0000,0x00000000140a0000)]
  0x0000000007cf8800 JavaThread "updateRateTimer" [_thread_blocked, id=33304, stack(0x0000000013ea0000,0x0000000013fa0000)]
  0x000000000f131000 JavaThread "updateBandwidthTimer" [_thread_blocked, id=10564, stack(0x0000000013da0000,0x0000000013ea0000)]
  0x000000000f130800 JavaThread "updateRateTimer" [_thread_blocked, id=32552, stack(0x0000000013ca0000,0x0000000013da0000)]
  0x000000000f130000 JavaThread "updateBandwidthTimer" [_thread_blocked, id=11316, stack(0x0000000013ba0000,0x0000000013ca0000)]
  0x000000000f12f000 JavaThread "updateRateTimer" [_thread_blocked, id=35548, stack(0x0000000013aa0000,0x0000000013ba0000)]
  0x000000000f12e800 JavaThread "bandwidthUpdate" [_thread_blocked, id=5228, stack(0x00000000139a0000,0x0000000013aa0000)]
  0x000000000f12d800 JavaThread "updateBandwidthTimer" [_thread_blocked, id=10688, stack(0x00000000138a0000,0x00000000139a0000)]
  0x000000000f12d000 JavaThread "updateRateTimer" [_thread_blocked, id=30640, stack(0x00000000137a0000,0x00000000138a0000)]
  0x000000000f12c000 JavaThread "updateBandwidthTimer" [_thread_blocked, id=13132, stack(0x00000000136a0000,0x00000000137a0000)]
  0x000000000f12b800 JavaThread "updateRateTimer" [_thread_blocked, id=23700, stack(0x00000000135a0000,0x00000000136a0000)]
  0x000000000f12a800 JavaThread "updateBandwidthTimer" [_thread_blocked, id=41384, stack(0x00000000134a0000,0x00000000135a0000)]
  0x000000000f12a000 JavaThread "updateRateTimer" [_thread_blocked, id=2788, stack(0x000000000cec0000,0x000000000cfc0000)]
  0x0000000007ded000 JavaThread "updateBandwidthTimer" [_thread_blocked, id=2940, stack(0x000000000cdc0000,0x000000000cec0000)]
  0x0000000007dec800 JavaThread "updateRateTimer" [_thread_blocked, id=29544, stack(0x000000000ccc0000,0x000000000cdc0000)]
  0x0000000007deb800 JavaThread "updateBandwidthTimer" [_thread_blocked, id=812, stack(0x000000000cbc0000,0x000000000ccc0000)]
  0x0000000007deb000 JavaThread "updateRateTimer" [_thread_blocked, id=14852, stack(0x000000000cac0000,0x000000000cbc0000)]
  0x0000000007dea000 JavaThread "updateBandwidthTimer" [_thread_blocked, id=27724, stack(0x000000000c9c0000,0x000000000cac0000)]
  0x000000000816a800 JavaThread "updateRateTimer" [_thread_blocked, id=26276, stack(0x000000000c8c0000,0x000000000c9c0000)]
  0x000000000816c800 JavaThread "updateBandwidthTimer" [_thread_blocked, id=43000, stack(0x000000000c7c0000,0x000000000c8c0000)]
  0x000000000816c000 JavaThread "updateRateTimer" [_thread_blocked, id=28216, stack(0x000000000c6c0000,0x000000000c7c0000)]
  0x000000000816b000 JavaThread "updateBandwidthTimer" [_thread_blocked, id=30772, stack(0x000000000c5c0000,0x000000000c6c0000)]
  0x000000000816d800 JavaThread "updateRateTimer" [_thread_blocked, id=20592, stack(0x000000000c4c0000,0x000000000c5c0000)]
  0x000000000816a000 JavaThread "updateBandwidthTimer" [_thread_blocked, id=15032, stack(0x000000000c3c0000,0x000000000c4c0000)]
  0x000000000816e000 JavaThread "updateRateTimer" [_thread_blocked, id=16796, stack(0x000000000c2c0000,0x000000000c3c0000)]
  0x000000000f1c2000 JavaThread "updateBandwidthTimer" [_thread_blocked, id=30804, stack(0x000000000c1c0000,0x000000000c2c0000)]
  0x000000000f1c1000 JavaThread "updateRateTimer" [_thread_blocked, id=5088, stack(0x000000000c0c0000,0x000000000c1c0000)]
  0x000000000f1c0800 JavaThread "updateBandwidthTimer" [_thread_blocked, id=9048, stack(0x000000000bfc0000,0x000000000c0c0000)]
  0x000000000f1c0000 JavaThread "updateRateTimer" [_thread_blocked, id=12024, stack(0x000000000bec0000,0x000000000bfc0000)]
  0x000000000f1bf000 JavaThread "updateBandwidthTimer" [_thread_blocked, id=24932, stack(0x000000000bdc0000,0x000000000bec0000)]
  0x000000000f1be800 JavaThread "updateRateTimer" [_thread_blocked, id=19844, stack(0x000000000bcc0000,0x000000000bdc0000)]
  0x000000000f1bd800 JavaThread "updateBandwidthTimer" [_thread_blocked, id=9024, stack(0x000000000bbc0000,0x000000000bcc0000)]
  0x000000000f1bd000 JavaThread "updateRateTimer" [_thread_blocked, id=17464, stack(0x000000000bac0000,0x000000000bbc0000)]
  0x000000000f1bc000 JavaThread "updateBandwidthTimer" [_thread_blocked, id=40604, stack(0x000000000b9c0000,0x000000000bac0000)]
  0x000000000f1bb800 JavaThread "updateRateTimer" [_thread_blocked, id=12836, stack(0x000000000b8c0000,0x000000000b9c0000)]
  0x00000000083e3000 JavaThread "updateBandwidthTimer" [_thread_blocked, id=6856, stack(0x000000000b7c0000,0x000000000b8c0000)]
  0x00000000083e6000 JavaThread "updateRateTimer" [_thread_blocked, id=13092, stack(0x000000000b6c0000,0x000000000b7c0000)]
  0x00000000083e4000 JavaThread "updateBandwidthTimer" [_thread_blocked, id=39852, stack(0x000000000b5c0000,0x000000000b6c0000)]
  0x00000000083e5800 JavaThread "updateRateTimer" [_thread_blocked, id=18156, stack(0x000000000b4c0000,0x000000000b5c0000)]
  0x00000000083e2800 JavaThread "updateBandwidthTimer" [_thread_blocked, id=23736, stack(0x000000000b3c0000,0x000000000b4c0000)]
  0x00000000083e2000 JavaThread "updateRateTimer" [_thread_blocked, id=43888, stack(0x000000000b2c0000,0x000000000b3c0000)]
  0x00000000083e4800 JavaThread "bandwidthUpdate" [_thread_blocked, id=18004, stack(0x000000000b1c0000,0x000000000b2c0000)]
  0x000000000f1ba800 JavaThread "updateBandwidthTimer" [_thread_blocked, id=39160, stack(0x00000000133a0000,0x00000000134a0000)]
  0x000000000f3f4800 JavaThread "updateRateTimer" [_thread_blocked, id=6284, stack(0x00000000132a0000,0x00000000133a0000)]
  0x000000000f3f3800 JavaThread "updateBandwidthTimer" [_thread_blocked, id=7344, stack(0x00000000131a0000,0x00000000132a0000)]
  0x000000000f3f3000 JavaThread "updateRateTimer" [_thread_blocked, id=34872, stack(0x00000000130a0000,0x00000000131a0000)]
  0x000000000f3f2800 JavaThread "updateBandwidthTimer" [_thread_blocked, id=23160, stack(0x0000000012fa0000,0x00000000130a0000)]
  0x000000000f3f1800 JavaThread "updateRateTimer" [_thread_blocked, id=6340, stack(0x0000000012ea0000,0x0000000012fa0000)]
  0x000000000f3f1000 JavaThread "updateBandwidthTimer" [_thread_blocked, id=31228, stack(0x0000000012da0000,0x0000000012ea0000)]
  0x000000000f3f0000 JavaThread "updateRateTimer" [_thread_blocked, id=38224, stack(0x0000000012ca0000,0x0000000012da0000)]
  0x000000000f3ef800 JavaThread "updateBandwidthTimer" [_thread_blocked, id=23376, stack(0x0000000012ba0000,0x0000000012ca0000)]
  0x000000000f3ee800 JavaThread "updateRateTimer" [_thread_blocked, id=28484, stack(0x0000000012aa0000,0x0000000012ba0000)]
  0x000000000f3ee000 JavaThread "updateBandwidthTimer" [_thread_blocked, id=8480, stack(0x00000000129a0000,0x0000000012aa0000)]
  0x000000000f3ed000 JavaThread "updateRateTimer" [_thread_blocked, id=36816, stack(0x00000000128a0000,0x00000000129a0000)]
  0x0000000008263000 JavaThread "updateBandwidthTimer" [_thread_blocked, id=26576, stack(0x00000000127a0000,0x00000000128a0000)]
  0x0000000008262800 JavaThread "updateRateTimer" [_thread_blocked, id=6752, stack(0x00000000126a0000,0x00000000127a0000)]
  0x0000000008261800 JavaThread "updateBandwidthTimer" [_thread_blocked, id=31560, stack(0x00000000125a0000,0x00000000126a0000)]
  0x0000000008261000 JavaThread "updateRateTimer" [_thread_blocked, id=29112, stack(0x00000000124a0000,0x00000000125a0000)]
  0x0000000008260000 JavaThread "updateBandwidthTimer" [_thread_blocked, id=19976, stack(0x00000000123a0000,0x00000000124a0000)]
  0x000000000825f800 JavaThread "updateRateTimer" [_thread_blocked, id=25908, stack(0x00000000122a0000,0x00000000123a0000)]
  0x000000000825f000 JavaThread "updateBandwidthTimer" [_thread_blocked, id=23828, stack(0x00000000121a0000,0x00000000122a0000)]
  0x000000000825e000 JavaThread "updateRateTimer" [_thread_blocked, id=24556, stack(0x00000000120a0000,0x00000000121a0000)]
  0x000000000825d800 JavaThread "updateBandwidthTimer" [_thread_blocked, id=15728, stack(0x0000000011fa0000,0x00000000120a0000)]
  0x000000000825c800 JavaThread "updateRateTimer" [_thread_blocked, id=25068, stack(0x0000000011ea0000,0x0000000011fa0000)]
  0x000000000825c000 JavaThread "updateBandwidthTimer" [_thread_blocked, id=41804, stack(0x0000000011da0000,0x0000000011ea0000)]
  0x0000000007efd800 JavaThread "updateRateTimer" [_thread_blocked, id=14704, stack(0x0000000011ca0000,0x0000000011da0000)]
  0x0000000007efc800 JavaThread "updateBandwidthTimer" [_thread_blocked, id=14616, stack(0x0000000011ba0000,0x0000000011ca0000)]
  0x0000000007f00000 JavaThread "updateRateTimer" [_thread_blocked, id=25944, stack(0x0000000011aa0000,0x0000000011ba0000)]
  0x0000000007eff800 JavaThread "updateBandwidthTimer" [_thread_blocked, id=28600, stack(0x00000000119a0000,0x0000000011aa0000)]
  0x0000000007eff000 JavaThread "updateRateTimer" [_thread_blocked, id=7456, stack(0x00000000118a0000,0x00000000119a0000)]
  0x0000000007efa800 JavaThread "updateBandwidthTimer" [_thread_blocked, id=32756, stack(0x0000000011670000,0x0000000011770000)]
  0x0000000007efc000 JavaThread "updateRateTimer" [_thread_blocked, id=26244, stack(0x0000000011570000,0x0000000011670000)]
  0x0000000007efb000 JavaThread "bandwidthUpdate" [_thread_blocked, id=5136, stack(0x0000000011470000,0x0000000011570000)]
  0x0000000007ef9800 JavaThread "RMI TCP Connection(idle)" daemon [_thread_blocked, id=39420, stack(0x0000000011370000,0x0000000011470000)]
  0x0000000007ef9000 JavaThread "RMI TCP Connection(6)-172.30.24.57" daemon [_thread_in_native, id=5824, stack(0x0000000011070000,0x0000000011170000)]
  0x0000000007c54800 JavaThread "JMX server connection timeout 127" daemon [_thread_blocked, id=8956, stack(0x0000000010f70000,0x0000000011070000)]
  0x0000000007c53800 JavaThread "RMI Scheduler(0)" daemon [_thread_blocked, id=18760, stack(0x0000000010e70000,0x0000000010f70000)]
  0x0000000007c53000 JavaThread "RMI TCP Connection(idle)" daemon [_thread_blocked, id=18212, stack(0x0000000010d70000,0x0000000010e70000)]
  0x0000000007c52800 JavaThread "RMI TCP Accept-0" daemon [_thread_in_native, id=7812, stack(0x0000000010bc0000,0x0000000010cc0000)]
  0x0000000007c51800 JavaThread "DestroyJavaVM" [_thread_blocked, id=38956, stack(0x0000000002700000,0x0000000002800000)]
  0x0000000007c51000 JavaThread "NioSocketAcceptor-1" [_thread_in_native, id=42892, stack(0x0000000010090000,0x0000000010190000)]
  0x0000000007c50000 JavaThread "nodeUpdateTimer" [_thread_blocked, id=35032, stack(0x0000000010ac0000,0x0000000010bc0000)]
  0x0000000007c4f800 JavaThread "nodeUpdateTimer" [_thread_blocked, id=27300, stack(0x00000000109c0000,0x0000000010ac0000)]
  0x0000000007c4e800 JavaThread "nodeUpdateTimer" [_thread_blocked, id=35960, stack(0x00000000108c0000,0x00000000109c0000)]
=>0x0000000007c4e000 JavaThread "nodeUpdateTimer" [_thread_in_vm, id=31772, stack(0x00000000107c0000,0x00000000108c0000)]
  0x0000000007c4d000 JavaThread "nodeUpdateTimer" [_thread_blocked, id=43308, stack(0x00000000106c0000,0x00000000107c0000)]
  0x0000000008333000 JavaThread "nodeUpdateTimer" [_thread_blocked, id=11540, stack(0x00000000105c0000,0x00000000106c0000)]
  0x0000000008332800 JavaThread "nodeUpdateTimer" [_thread_blocked, id=43260, stack(0x0000000010390000,0x0000000010490000)]
  0x0000000008331800 JavaThread "nodeUpdateTimer" [_thread_blocked, id=40672, stack(0x0000000010290000,0x0000000010390000)]
  0x0000000008331000 JavaThread "nodeUpdateTimer" [_thread_blocked, id=35540, stack(0x0000000010190000,0x0000000010290000)]
  0x0000000008330000 JavaThread "nodeUpdateTimer" [_thread_blocked, id=23064, stack(0x000000000ff90000,0x0000000010090000)]
  0x000000000832f800 JavaThread "updateTimer" [_thread_blocked, id=43224, stack(0x000000000eec0000,0x000000000efc0000)]
  0x000000000832f000 JavaThread "updateBandwidthTimer" [_thread_blocked, id=11168, stack(0x000000000edc0000,0x000000000eec0000)]
  0x000000000832e000 JavaThread "updateRateTimer" [_thread_blocked, id=32648, stack(0x000000000ecc0000,0x000000000edc0000)]
  0x000000000832d800 JavaThread "updateBandwidthTimer" [_thread_blocked, id=39316, stack(0x000000000ebc0000,0x000000000ecc0000)]
  0x000000000832c800 JavaThread "updateRateTimer" [_thread_blocked, id=37248, stack(0x000000000eac0000,0x000000000ebc0000)]
  0x000000000832c000 JavaThread "updateBandwidthTimer" [_thread_blocked, id=34708, stack(0x000000000e9c0000,0x000000000eac0000)]
  0x0000000007ecd000 JavaThread "updateRateTimer" [_thread_blocked, id=32892, stack(0x000000000e8c0000,0x000000000e9c0000)]
  0x0000000007ecc800 JavaThread "updateBandwidthTimer" [_thread_blocked, id=11008, stack(0x000000000e7c0000,0x000000000e8c0000)]
  0x0000000007ecb800 JavaThread "updateRateTimer" [_thread_blocked, id=20360, stack(0x000000000e6c0000,0x000000000e7c0000)]
  0x0000000007ecb000 JavaThread "updateBandwidthTimer" [_thread_blocked, id=32832, stack(0x000000000e5c0000,0x000000000e6c0000)]
  0x0000000007eca000 JavaThread "updateRateTimer" [_thread_blocked, id=10304, stack(0x000000000e4c0000,0x000000000e5c0000)]
  0x0000000007ec9800 JavaThread "updateBandwidthTimer" [_thread_blocked, id=35252, stack(0x000000000e3c0000,0x000000000e4c0000)]
  0x0000000007ec9000 JavaThread "updateRateTimer" [_thread_blocked, id=37232, stack(0x000000000e2c0000,0x000000000e3c0000)]
  0x0000000007ec8000 JavaThread "updateBandwidthTimer" [_thread_blocked, id=27588, stack(0x000000000e1c0000,0x000000000e2c0000)]
  0x0000000007ec7800 JavaThread "updateRateTimer" [_thread_blocked, id=16724, stack(0x000000000e0c0000,0x000000000e1c0000)]
  0x0000000007ec6800 JavaThread "updateBandwidthTimer" [_thread_blocked, id=34928, stack(0x000000000dfc0000,0x000000000e0c0000)]
  0x0000000007ec6000 JavaThread "updateRateTimer" [_thread_blocked, id=5492, stack(0x000000000dec0000,0x000000000dfc0000)]
  0x0000000007bc4000 JavaThread "updateBandwidthTimer" [_thread_blocked, id=26672, stack(0x000000000ddc0000,0x000000000dec0000)]
  0x0000000007bc3800 JavaThread "updateRateTimer" [_thread_blocked, id=21192, stack(0x000000000dcc0000,0x000000000ddc0000)]
  0x0000000007bc2800 JavaThread "updateBandwidthTimer" [_thread_blocked, id=40220, stack(0x000000000dbc0000,0x000000000dcc0000)]
  0x0000000007bc2000 JavaThread "updateRateTimer" [_thread_blocked, id=14504, stack(0x000000000dac0000,0x000000000dbc0000)]
  0x0000000007bc1800 JavaThread "updateBandwidthTimer" [_thread_blocked, id=40912, stack(0x000000000d9c0000,0x000000000dac0000)]
  0x0000000007bc0800 JavaThread "updateRateTimer" [_thread_blocked, id=27376, stack(0x000000000d8c0000,0x000000000d9c0000)]
  0x0000000007bc0000 JavaThread "updateBandwidthTimer" [_thread_blocked, id=43468, stack(0x000000000d7c0000,0x000000000d8c0000)]
  0x0000000007bbf000 JavaThread "updateRateTimer" [_thread_blocked, id=42244, stack(0x000000000d6c0000,0x000000000d7c0000)]
  0x0000000007bbe800 JavaThread "updateBandwidthTimer" [_thread_blocked, id=37560, stack(0x000000000d5c0000,0x000000000d6c0000)]
  0x0000000007bbd800 JavaThread "updateRateTimer" [_thread_blocked, id=34284, stack(0x000000000d4c0000,0x000000000d5c0000)]
  0x0000000007bbd000 JavaThread "updateBandwidthTimer" [_thread_blocked, id=36024, stack(0x000000000d3c0000,0x000000000d4c0000)]
  0x00000000083e9000 JavaThread "updateRateTimer" [_thread_blocked, id=37260, stack(0x000000000d2c0000,0x000000000d3c0000)]
  0x00000000083e8800 JavaThread "updateBandwidthTimer" [_thread_blocked, id=30344, stack(0x000000000d1c0000,0x000000000d2c0000)]
  0x00000000083e7800 JavaThread "updateRateTimer" [_thread_blocked, id=11868, stack(0x000000000d0c0000,0x000000000d1c0000)]
  0x00000000083e7000 JavaThread "bandwidthUpdate" [_thread_blocked, id=38068, stack(0x000000000cfc0000,0x000000000d0c0000)]
  0x0000000008169000 JavaThread "bandwidthUpdate" [_thread_blocked, id=2068, stack(0x000000000b0c0000,0x000000000b1c0000)]
  0x0000000008168800 JavaThread "updateBandwidthTimer" [_thread_blocked, id=28340, stack(0x000000000aec0000,0x000000000afc0000)]
  0x0000000008167800 JavaThread "updateRateTimer" [_thread_blocked, id=2532, stack(0x000000000adc0000,0x000000000aec0000)]
  0x0000000008167000 JavaThread "updateBandwidthTimer" [_thread_blocked, id=10308, stack(0x000000000acc0000,0x000000000adc0000)]
  0x00000000081fb000 JavaThread "updateRateTimer" [_thread_blocked, id=24448, stack(0x000000000abc0000,0x000000000acc0000)]
  0x00000000081fa800 JavaThread "updateBandwidthTimer" [_thread_blocked, id=18876, stack(0x000000000aac0000,0x000000000abc0000)]
  0x00000000081fa000 JavaThread "updateRateTimer" [_thread_blocked, id=31532, stack(0x000000000a9c0000,0x000000000aac0000)]
  0x00000000081f9000 JavaThread "updateBandwidthTimer" [_thread_blocked, id=26648, stack(0x000000000a8c0000,0x000000000a9c0000)]
  0x00000000081f8800 JavaThread "updateRateTimer" [_thread_blocked, id=23288, stack(0x000000000a7c0000,0x000000000a8c0000)]
  0x00000000081f7800 JavaThread "updateBandwidthTimer" [_thread_blocked, id=16528, stack(0x000000000a6c0000,0x000000000a7c0000)]
  0x00000000081f7000 JavaThread "updateRateTimer" [_thread_blocked, id=5628, stack(0x000000000a5c0000,0x000000000a6c0000)]
  0x00000000081f6000 JavaThread "updateBandwidthTimer" [_thread_blocked, id=16080, stack(0x000000000a4c0000,0x000000000a5c0000)]
  0x00000000081f5800 JavaThread "updateRateTimer" [_thread_blocked, id=41172, stack(0x000000000a3c0000,0x000000000a4c0000)]
  0x00000000081f4800 JavaThread "updateBandwidthTimer" [_thread_blocked, id=37220, stack(0x000000000a2c0000,0x000000000a3c0000)]
  0x00000000081f4000 JavaThread "updateRateTimer" [_thread_blocked, id=9900, stack(0x000000000a1c0000,0x000000000a2c0000)]
  0x0000000008144000 JavaThread "updateBandwidthTimer" [_thread_blocked, id=13348, stack(0x000000000a0c0000,0x000000000a1c0000)]
  0x0000000008143000 JavaThread "updateRateTimer" [_thread_blocked, id=17380, stack(0x0000000009fc0000,0x000000000a0c0000)]
  0x0000000008142800 JavaThread "updateBandwidthTimer" [_thread_blocked, id=42616, stack(0x0000000009ec0000,0x0000000009fc0000)]
  0x0000000008142000 JavaThread "updateRateTimer" [_thread_blocked, id=27764, stack(0x0000000009dc0000,0x0000000009ec0000)]
  0x0000000008141000 JavaThread "updateBandwidthTimer" [_thread_blocked, id=38392, stack(0x0000000009cc0000,0x0000000009dc0000)]
  0x0000000008140800 JavaThread "updateRateTimer" [_thread_blocked, id=25620, stack(0x0000000009bc0000,0x0000000009cc0000)]
  0x000000000813f800 JavaThread "updateBandwidthTimer" [_thread_blocked, id=10856, stack(0x0000000009ac0000,0x0000000009bc0000)]
  0x000000000813f000 JavaThread "updateRateTimer" [_thread_blocked, id=26040, stack(0x00000000099c0000,0x0000000009ac0000)]
  0x000000000813e000 JavaThread "updateBandwidthTimer" [_thread_blocked, id=24460, stack(0x00000000098c0000,0x00000000099c0000)]
  0x000000000813d800 JavaThread "updateRateTimer" [_thread_blocked, id=34004, stack(0x00000000097c0000,0x00000000098c0000)]
  0x000000000813c800 JavaThread "updateBandwidthTimer" [_thread_blocked, id=8812, stack(0x00000000096c0000,0x00000000097c0000)]
  0x0000000008192800 JavaThread "updateRateTimer" [_thread_blocked, id=27056, stack(0x00000000095c0000,0x00000000096c0000)]
  0x0000000008190800 JavaThread "updateBandwidthTimer" [_thread_blocked, id=34780, stack(0x00000000094c0000,0x00000000095c0000)]
  0x0000000008190000 JavaThread "updateRateTimer" [_thread_blocked, id=22764, stack(0x00000000093c0000,0x00000000094c0000)]
  0x0000000007fcb800 JavaThread "updateBandwidthTimer" [_thread_blocked, id=8356, stack(0x00000000092c0000,0x00000000093c0000)]
  0x0000000007fcb000 JavaThread "updateRateTimer" [_thread_blocked, id=42240, stack(0x00000000091c0000,0x00000000092c0000)]
  0x0000000007fca000 JavaThread "updateBandwidthTimer" [_thread_blocked, id=3240, stack(0x00000000090c0000,0x00000000091c0000)]
  0x0000000007fd0000 JavaThread "updateRateTimer" [_thread_blocked, id=41152, stack(0x0000000008fc0000,0x00000000090c0000)]
  0x0000000007fcf000 JavaThread "updateBandwidthTimer" [_thread_blocked, id=7764, stack(0x0000000008ec0000,0x0000000008fc0000)]
  0x0000000007fce800 JavaThread "updateRateTimer" [_thread_blocked, id=5684, stack(0x0000000008dc0000,0x0000000008ec0000)]
  0x0000000007fcd800 JavaThread "TimeLimitedMap Timer" daemon [_thread_blocked, id=2524, stack(0x0000000008cc0000,0x0000000008dc0000)]
  0x00000000081b3000 JavaThread "bandwidthUpdate" [_thread_blocked, id=21976, stack(0x00000000086d0000,0x00000000087d0000)]
  0x0000000006e05000 JavaThread "Low Memory Detector" daemon [_thread_blocked, id=12220, stack(0x00000000078d0000,0x00000000079d0000)]
  0x0000000006e04800 JavaThread "C2 CompilerThread1" daemon [_thread_blocked, id=31484, stack(0x00000000077d0000,0x00000000078d0000)]
  0x0000000006e0b000 JavaThread "C2 CompilerThread0" daemon [_thread_blocked, id=37404, stack(0x00000000076d0000,0x00000000077d0000)]
  0x0000000006dfd000 JavaThread "JDWP Command Reader" daemon [_thread_in_native, id=28276, stack(0x00000000075d0000,0x00000000076d0000)]
  0x0000000006ded000 JavaThread "JDWP Event Helper Thread" daemon [_thread_blocked, id=24360, stack(0x0000000007390000,0x0000000007490000)]
  0x0000000006de7000 JavaThread "JDWP Transport Listener: dt_socket" daemon [_thread_blocked, id=25604, stack(0x00000000071a0000,0x00000000072a0000)]
  0x0000000000738000 JavaThread "Attach Listener" daemon [_thread_blocked, id=32012, stack(0x00000000070a0000,0x00000000071a0000)]
  0x0000000000737800 JavaThread "Signal Dispatcher" daemon [_thread_blocked, id=12592, stack(0x0000000006fa0000,0x00000000070a0000)]
  0x0000000000723000 JavaThread "Finalizer" daemon [_thread_blocked, id=38200, stack(0x0000000006ca0000,0x0000000006da0000)]
  0x000000000071a000 JavaThread "Reference Handler" daemon [_thread_blocked, id=26512, stack(0x0000000006ba0000,0x0000000006ca0000)]

Other Threads:
  0x0000000000713800 VMThread [stack: 0x0000000006aa0000,0x0000000006ba0000] [id=18528]
  0x0000000006e25000 WatcherThread [stack: 0x00000000079d0000,0x0000000007ad0000] [id=824]

VM state:not at safepoint (normal execution)

VM Mutex/Monitor currently owned by a thread: None

Heap
 PSYoungGen      total 563584K, used 281475K [0x00000007ab2b0000, 0x00000007e3330000, 0x0000000800000000)
  eden space 513728K, 54% used [0x00000007ab2b0000,0x00000007bc590d48,0x00000007ca860000)
  from space 49856K, 0% used [0x00000007ca860000,0x00000007ca860000,0x00000007cd910000)
  to   space 48000K, 0% used [0x00000007e0450000,0x00000007e0450000,0x00000007e3330000)
 PSOldGen        total 181312K, used 92103K [0x0000000701800000, 0x000000070c910000, 0x00000007ab2b0000)
  object space 181312K, 50% used [0x0000000701800000,0x00000007071f1f20,0x000000070c910000)
 PSPermGen       total 56896K, used 39671K [0x00000006fc600000, 0x00000006ffd90000, 0x0000000701800000)
  object space 56896K, 69% used [0x00000006fc600000,0x00000006fecbde30,0x00000006ffd90000)

Code Cache  [0x0000000002800000, 0x0000000002a70000, 0x0000000005800000)
 total_blobs=598 nmethods=322 adapters=237 free_code_cache=48984000 largest_free_block=153664

Dynamic libraries:
0x0000000000400000 - 0x000000000042f000 	D:\Program Files\Java6\jdk1.6.0_45\bin\java.exe
0x0000000077180000 - 0x0000000077329000 	C:\Windows\SYSTEM32\ntdll.dll
0x0000000076f60000 - 0x000000007707f000 	C:\Windows\system32\kernel32.dll
0x000007fefd350000 - 0x000007fefd3bb000 	C:\Windows\system32\KERNELBASE.dll
0x0000000074e20000 - 0x0000000074ea7000 	C:\Windows\System32\SYSFER.DLL
0x000007fefdd50000 - 0x000007fefde2b000 	C:\Windows\system32\ADVAPI32.dll
0x000007fefdc20000 - 0x000007fefdcbf000 	C:\Windows\system32\msvcrt.dll
0x000007fefdd30000 - 0x000007fefdd4f000 	C:\Windows\SYSTEM32\sechost.dll
0x000007fefedf0000 - 0x000007fefef1d000 	C:\Windows\system32\RPCRT4.dll
0x000000006d8e0000 - 0x000000006e09c000 	D:\Program Files\Java6\jdk1.6.0_45\jre\bin\server\jvm.dll
0x0000000077080000 - 0x000000007717a000 	C:\Windows\system32\USER32.dll
0x000007fefebc0000 - 0x000007fefec27000 	C:\Windows\system32\GDI32.dll
0x000007fefdd20000 - 0x000007fefdd2e000 	C:\Windows\system32\LPK.dll
0x000007fefdb50000 - 0x000007fefdc19000 	C:\Windows\system32\USP10.dll
0x000007fefacd0000 - 0x000007fefad0b000 	C:\Windows\system32\WINMM.dll
0x000007fefec30000 - 0x000007fefec5e000 	C:\Windows\system32\IMM32.DLL
0x000007fefd720000 - 0x000007fefd829000 	C:\Windows\system32\MSCTF.dll
0x000000006d850000 - 0x000000006d85e000 	D:\Program Files\Java6\jdk1.6.0_45\jre\bin\verify.dll
0x000000006d460000 - 0x000000006d487000 	D:\Program Files\Java6\jdk1.6.0_45\jre\bin\java.dll
0x000000006d4d0000 - 0x000000006d504000 	D:\Program Files\Java6\jdk1.6.0_45\jre\bin\jdwp.dll
0x000000006d6f0000 - 0x000000006d6f8000 	D:\Program Files\Java6\jdk1.6.0_45\jre\bin\npt.dll
0x000000006d8a0000 - 0x000000006d8b2000 	D:\Program Files\Java6\jdk1.6.0_45\jre\bin\zip.dll
0x000000006d310000 - 0x000000006d319000 	D:\Program Files\Java6\jdk1.6.0_45\jre\bin\dt_socket.dll
0x000007fefec60000 - 0x000007fefecad000 	C:\Windows\system32\WS2_32.dll
0x000007fefecb0000 - 0x000007fefecb8000 	C:\Windows\system32\NSI.dll
0x000007fefc900000 - 0x000007fefc955000 	C:\Windows\system32\mswsock.dll
0x000007fefc2f0000 - 0x000007fefc2f7000 	C:\Windows\System32\wshtcpip.dll
0x000000006d6c0000 - 0x000000006d6d7000 	D:\Program Files\Java6\jdk1.6.0_45\jre\bin\net.dll
0x000007fefc8f0000 - 0x000007fefc8f7000 	C:\Windows\System32\wship6.dll
0x000000006d6e0000 - 0x000000006d6ec000 	D:\Program Files\Java6\jdk1.6.0_45\jre\bin\nio.dll
0x000007fefc960000 - 0x000007fefc977000 	C:\Windows\system32\CRYPTSP.dll
0x000007fefc660000 - 0x000007fefc6a7000 	C:\Windows\system32\rsaenh.dll
0x000007fefc400000 - 0x000007fefc41e000 	C:\Windows\system32\USERENV.dll
0x000007fefd0d0000 - 0x000007fefd0df000 	C:\Windows\system32\profapi.dll
0x000007fefcfc0000 - 0x000007fefcfcf000 	C:\Windows\system32\CRYPTBASE.dll
0x000007fefc780000 - 0x000007fefc7db000 	C:\Windows\system32\DNSAPI.dll
0x0000000073180000 - 0x00000000731a6000 	C:\Program Files\Bonjour\mdnsNSP.dll
0x000007fefa8a0000 - 0x000007fefa8c7000 	C:\Windows\system32\Iphlpapi.DLL
0x000007fefa880000 - 0x000007fefa88b000 	C:\Windows\system32\WINNSI.DLL
0x000007fef8e10000 - 0x000007fef8e18000 	C:\Windows\system32\rasadhlp.dll
0x000007fefa740000 - 0x000007fefa793000 	C:\Windows\System32\fwpuclnt.dll
0x000000006d410000 - 0x000000006d430000 	D:\Program Files\Java6\jdk1.6.0_45\jre\bin\instrument.dll
0x000000006d600000 - 0x000000006d60a000 	D:\Program Files\Java6\jdk1.6.0_45\jre\bin\management.dll
0x000007fefb0d0000 - 0x000007fefb0e5000 	C:\Windows\system32\NLAapi.dll
0x000007fef8410000 - 0x000007fef8425000 	C:\Windows\system32\napinsp.dll
0x000007fef8450000 - 0x000007fef8469000 	C:\Windows\system32\pnrpnsp.dll
0x000007fef8400000 - 0x000007fef840b000 	C:\Windows\System32\winrnr.dll
0x000007fefa710000 - 0x000007fefa721000 	C:\Windows\system32\dhcpcsvc6.DLL
0x000007fefa690000 - 0x000007fefa6a8000 	C:\Windows\system32\dhcpcsvc.DLL
0x000000006d760000 - 0x000000006d766000 	D:\Program Files\Java6\jdk1.6.0_45\jre\bin\rmi.dll
0x0000000070810000 - 0x000000007081f000 	D:\Program Files\Java8\jdk1.8.0_60\lib\visualvm\profiler\lib\deployed\jdk16\windows-amd64\profilerinterface.dll
0x0000000077340000 - 0x0000000077347000 	C:\Windows\system32\PSAPI.DLL

VM Arguments:
jvm_args: -agentlib:jdwp=transport=dt_socket,address=127.0.0.1:52929,suspend=y,server=n -Dfile.encoding=UTF-8 
java_command: com.ifeng.ipserver.server.Server
Launcher Type: SUN_STANDARD

Environment Variables:
JAVA_HOME=D:\Program Files\Java8\jdk1.8.0_60
CLASSPATH=.;D:\Program Files\Java8\jdk1.8.0_60\lib;D:\Program Files\Java8\jdk1.8.0_60\lib\tools.jar;
PATH=C:\ProgramData\Oracle\Java\javapath;.;D:\Program Files\Java8\jdk1.8.0_60\bin; D:\Program Files\Java8\jdk1.8.0_60\jre\bin;C:\Windows\system32;C:\Windows;C:\Windows\System32\Wbem;C:\Windows\System32\WindowsPowerShell\v1.0\;C:\Program Files (x86)\Intel\OpenCL SDK\2.0\bin\x86;C:\Program Files (x86)\Intel\OpenCL SDK\2.0\bin\x64;D:\Program Files\apache-tomcat-8.0.9\lib;D:\Program Files\apache-tomcat-8.0.9\lib\servlet-api.jar;D:\Program Files\apache-tomcat-8.0.9\lib\jsp-api.jar;D:\Program Files\Svnusable\bin;D:\Program Files\MySQL\MySQL Server 5.5\bin;D:\Program Files\idea\IntelliJ IDEA 14.1.4\plugins\maven\lib\maven3\bin;D:\Program Files\scala-2.10.5\bin;HADOOP_HOME\bin;
USERNAME=gutc
OS=Windows_NT
PROCESSOR_IDENTIFIER=Intel64 Family 6 Model 42 Stepping 7, GenuineIntel



---------------  S Y S T E M  ---------------

OS: Windows 7 , 64 bit Build 7601 Service Pack 1

CPU:total 2 (2 cores per cpu, 2 threads per core) family 6 model 42 stepping 7, cmov, cx8, fxsr, mmx, sse, sse2, sse3, ssse3, sse4.1, sse4.2, popcnt, ht

Memory: 4k page, physical 16671804k(12452744k free), swap 33341764k(24812432k free)

vm_info: Java HotSpot(TM) 64-Bit Server VM (20.45-b01) for windows-amd64 JRE (1.6.0_45-b06), built on Apr  1 2013 12:31:37 by "java_re" with MS VC++ 8.0 (VS2005)

time: Wed Jun 29 14:12:25 2016
elapsed time: 377 seconds

